0 info it worked if it ends with ok
1 verbose cli [ '/usr/local/bin/node',
1 verbose cli   '/usr/local/bin/npm',
1 verbose cli   'update',
1 verbose cli   '-g',
1 verbose cli   'firebase-tools' ]
2 info using npm@2.14.7
3 info using node@v4.2.2
4 silly mapToRegistry name firebase-tools
5 silly mapToRegistry using default registry
6 silly mapToRegistry registry https://registry.npmjs.org/
7 silly mapToRegistry uri https://registry.npmjs.org/firebase-tools
8 verbose request uri https://registry.npmjs.org/firebase-tools
9 verbose request no auth needed
10 info attempt registry request try #1 at 6:53:36 PM
11 verbose request id c0b72aafbb19215d
12 verbose etag "BTNN1NZ1PVMCTH3I3YL9YPZAT"
13 http request GET https://registry.npmjs.org/firebase-tools
14 http 304 https://registry.npmjs.org/firebase-tools
15 verbose headers { date: 'Sat, 12 Dec 2015 00:53:37 GMT',
15 verbose headers   via: '1.1 varnish',
15 verbose headers   'cache-control': 'max-age=300',
15 verbose headers   etag: '"BTNN1NZ1PVMCTH3I3YL9YPZAT"',
15 verbose headers   age: '266',
15 verbose headers   connection: 'keep-alive',
15 verbose headers   'x-served-by': 'cache-atl6224-ATL',
15 verbose headers   'x-cache': 'HIT',
15 verbose headers   'x-cache-hits': '2',
15 verbose headers   'x-timer': 'S1449881617.072584,VS0,VE0',
15 verbose headers   vary: 'Accept' }
16 silly get cb [ 304,
16 silly get   { date: 'Sat, 12 Dec 2015 00:53:37 GMT',
16 silly get     via: '1.1 varnish',
16 silly get     'cache-control': 'max-age=300',
16 silly get     etag: '"BTNN1NZ1PVMCTH3I3YL9YPZAT"',
16 silly get     age: '266',
16 silly get     connection: 'keep-alive',
16 silly get     'x-served-by': 'cache-atl6224-ATL',
16 silly get     'x-cache': 'HIT',
16 silly get     'x-cache-hits': '2',
16 silly get     'x-timer': 'S1449881617.072584,VS0,VE0',
16 silly get     vary: 'Accept' } ]
17 verbose etag https://registry.npmjs.org/firebase-tools from cache
18 verbose get saving firebase-tools to /Users/Owner/.npm/registry.npmjs.org/firebase-tools/.cache.json
19 info outdated updating [ [ '/usr/local/lib',
19 info outdated     'firebase-tools',
19 info outdated     '2.1.0',
19 info outdated     '2.1.1',
19 info outdated     '2.1.1',
19 info outdated     'latest' ] ]
20 verbose install where, what [ '/usr/local/lib', [ 'firebase-tools@2.1.1' ] ]
21 verbose install initial load of /usr/local/lib/package.json
22 verbose readDependencies loading dependencies from /usr/local/lib/package.json
23 silly cache add args [ 'firebase-tools@2.1.1', null ]
24 verbose cache add spec firebase-tools@2.1.1
25 silly cache add parsed spec Result {
25 silly cache add   raw: 'firebase-tools@2.1.1',
25 silly cache add   scope: null,
25 silly cache add   name: 'firebase-tools',
25 silly cache add   rawSpec: '2.1.1',
25 silly cache add   spec: '2.1.1',
25 silly cache add   type: 'version' }
26 silly addNamed firebase-tools@2.1.1
27 verbose addNamed "2.1.1" is a plain semver version for firebase-tools
28 silly mapToRegistry name firebase-tools
29 silly mapToRegistry using default registry
30 silly mapToRegistry registry https://registry.npmjs.org/
31 silly mapToRegistry uri https://registry.npmjs.org/firebase-tools
32 verbose addNameVersion registry:https://registry.npmjs.org/firebase-tools not in flight; fetching
33 verbose get https://registry.npmjs.org/firebase-tools not expired, no request
34 silly cache afterAdd firebase-tools@2.1.1
35 verbose afterAdd /Users/Owner/.npm/firebase-tools/2.1.1/package/package.json not in flight; writing
36 verbose afterAdd /Users/Owner/.npm/firebase-tools/2.1.1/package/package.json written
37 silly install resolved [ { name: 'firebase-tools',
37 silly install resolved     version: '2.1.1',
37 silly install resolved     description: 'Command-Line Interface for Firebase',
37 silly install resolved     main: 'index.js',
37 silly install resolved     bin: { firebase: './bin/firebase' },
37 silly install resolved     scripts: { test: 'gulp' },
37 silly install resolved     repository:
37 silly install resolved      { type: 'git',
37 silly install resolved        url: 'git+https://github.com/firebase/firebase-tools.git' },
37 silly install resolved     keywords:
37 silly install resolved      [ 'cdn',
37 silly install resolved        'cli',
37 silly install resolved        'ssl',
37 silly install resolved        'cloud',
37 silly install resolved        'hosting',
37 silly install resolved        'firebase',
37 silly install resolved        'realtime',
37 silly install resolved        'websockets',
37 silly install resolved        'synchronization' ],
37 silly install resolved     preferGlobal: true,
37 silly install resolved     engines: { node: '>=0.10.0' },
37 silly install resolved     'engine-strict': true,
37 silly install resolved     author:
37 silly install resolved      { name: 'Firebase',
37 silly install resolved        email: 'support@firebase.com',
37 silly install resolved        url: 'https://www.firebase.com/' },
37 silly install resolved     license: 'MIT',
37 silly install resolved     bugs: { url: 'https://github.com/firebase/firebase-tools/issues' },
37 silly install resolved     files: [ 'bin/**', 'lib/**', 'commands/**', 'templates/**', 'index.js' ],
37 silly install resolved     homepage: 'https://github.com/firebase/firebase-tools',
37 silly install resolved     dependencies:
37 silly install resolved      { chalk: '^1.1.0',
37 silly install resolved        cjson: '^0.3.1',
37 silly install resolved        'cli-table': '^0.3.1',
37 silly install resolved        commander: '^2.8.1',
37 silly install resolved        'concat-stream': '^1.5.0',
37 silly install resolved        configstore: '^1.2.0',
37 silly install resolved        didyoumean: '^1.2.1',
37 silly install resolved        'exit-code': '^1.0.2',
37 silly install resolved        filesize: '^3.1.3',
37 silly install resolved        firebase: '2.x.x',
37 silly install resolved        'fs-extra': '^0.23.1',
37 silly install resolved        'fstream-ignore': '^1.0.2',
37 silly install resolved        inquirer: '^0.8.5',
37 silly install resolved        jsonschema: '^1.0.2',
37 silly install resolved        lodash: '^3.10.0',
37 silly install resolved        'node-uuid': '^1.4.3',
37 silly install resolved        open: '0.0.5',
37 silly install resolved        progress: '^1.1.8',
37 silly install resolved        request: '^2.58.0',
37 silly install resolved        rsvp: '^3.0.18',
37 silly install resolved        semver: '^5.0.3',
37 silly install resolved        superstatic: '^3.0.0',
37 silly install resolved        tar: '^2.2.0',
37 silly install resolved        through: '^2.3.8',
37 silly install resolved        tmp: '0.0.27',
37 silly install resolved        'universal-analytics': '^0.3.9',
37 silly install resolved        'update-notifier': '^0.5.0',
37 silly install resolved        'user-home': '^2.0.0',
37 silly install resolved        uuid: '^2.0.1',
37 silly install resolved        winston: '^1.0.1' },
37 silly install resolved     devDependencies:
37 silly install resolved      { chai: '^3.0.0',
37 silly install resolved        'chai-as-promised': '^5.1.0',
37 silly install resolved        coveralls: '2.11.2',
37 silly install resolved        eslint: '^1.4.1',
37 silly install resolved        gulp: '^3.9.0',
37 silly install resolved        'gulp-eslint': '^1.0.0',
37 silly install resolved        'gulp-exit': '0.0.2',
37 silly install resolved        'gulp-istanbul': '^0.10.0',
37 silly install resolved        'gulp-mocha': '^2.1.2',
37 silly install resolved        'jshint-stylish': '^2.0.1',
37 silly install resolved        nock: '^2.10.0' },
37 silly install resolved     gitHead: '0a48b8b54a18d020ccfcf4360c0af06217201eba',
37 silly install resolved     _id: 'firebase-tools@2.1.1',
37 silly install resolved     _shasum: '761bb8bdd90115d88d65a3235934c334fd40d30e',
37 silly install resolved     _from: 'firebase-tools@2.1.1',
37 silly install resolved     _npmVersion: '2.7.5',
37 silly install resolved     _nodeVersion: '0.10.38',
37 silly install resolved     _npmUser: { name: 'firebase', email: 'operations@firebase.com' },
37 silly install resolved     maintainers: [ [Object] ],
37 silly install resolved     dist:
37 silly install resolved      { shasum: '761bb8bdd90115d88d65a3235934c334fd40d30e',
37 silly install resolved        tarball: 'http://registry.npmjs.org/firebase-tools/-/firebase-tools-2.1.1.tgz' },
37 silly install resolved     directories: {},
37 silly install resolved     _resolved: 'https://registry.npmjs.org/firebase-tools/-/firebase-tools-2.1.1.tgz',
37 silly install resolved     readme: 'ERROR: No README data found!' } ]
38 info install firebase-tools@2.1.1 into /usr/local/lib
39 info installOne firebase-tools@2.1.1
40 verbose installOne of firebase-tools to /usr/local/lib not in flight; installing
41 verbose lock using /Users/Owner/.npm/_locks/firebase-tools-10d1b8d676fd02fa.lock for /usr/local/lib/node_modules/firebase-tools
42 silly install write writing firebase-tools 2.1.1 to /usr/local/lib/node_modules/firebase-tools
43 verbose unbuild lib/node_modules/firebase-tools
44 info preuninstall firebase-tools@2.1.0
45 info uninstall firebase-tools@2.1.0
46 verbose unbuild rmStuff firebase-tools@2.1.0 from /usr/local/lib/node_modules
47 silly gentlyRm /usr/local/bin/firebase is being gently removed
48 silly gentlyRm verifying /usr/local is an npm working directory
49 silly gentlyRm containing path /usr/local is under npm's control, in /usr/local
50 silly gentlyRm deletion target /usr/local/bin/firebase is under /usr/local
51 verbose gentlyRm vacuuming from /usr/local/bin/firebase up to /usr/local
52 silly vacuum-fs removing /usr/local/bin/firebase
53 verbose unlock done using /Users/Owner/.npm/_locks/firebase-tools-10d1b8d676fd02fa.lock for /usr/local/lib/node_modules/firebase-tools
54 verbose stack Error: EACCES: permission denied, unlink '/usr/local/bin/firebase'
54 verbose stack     at Error (native)
55 verbose cwd /Users/Owner/Desktop/SavvyCoders/hackthis
56 error Darwin 14.5.0
57 error argv "/usr/local/bin/node" "/usr/local/bin/npm" "update" "-g" "firebase-tools"
58 error node v4.2.2
59 error npm  v2.14.7
60 error path /usr/local/bin/firebase
61 error code EACCES
62 error errno -13
63 error syscall unlink
64 error Error: EACCES: permission denied, unlink '/usr/local/bin/firebase'
64 error     at Error (native)
64 error  { [Error: EACCES: permission denied, unlink '/usr/local/bin/firebase']
64 error   errno: -13,
64 error   code: 'EACCES',
64 error   syscall: 'unlink',
64 error   path: '/usr/local/bin/firebase' }
65 error Please try running this command again as root/Administrator.
66 verbose exit [ -13, true ]
67 verbose unbuild lib/node_modules/firebase-tools
68 info preuninstall firebase-tools@2.1.0
69 info uninstall firebase-tools@2.1.0
70 verbose unbuild rmStuff firebase-tools@2.1.0 from /usr/local/lib/node_modules
71 silly gentlyRm /usr/local/bin/firebase is being gently removed
72 silly gentlyRm verifying /usr/local is an npm working directory
73 silly gentlyRm containing path /usr/local is under npm's control, in /usr/local
74 silly gentlyRm deletion target /usr/local/bin/firebase is under /usr/local
75 verbose gentlyRm vacuuming from /usr/local/bin/firebase up to /usr/local
76 silly vacuum-fs removing /usr/local/bin/firebase
77 error error rolling back Error: EACCES: permission denied, unlink '/usr/local/bin/firebase'
77 error error rolling back     at Error (native)
77 error error rolling back  { [Error: EACCES: permission denied, unlink '/usr/local/bin/firebase']
77 error error rolling back   errno: -13,
77 error error rolling back   code: 'EACCES',
77 error error rolling back   syscall: 'unlink',
77 error error rolling back   path: '/usr/local/bin/firebase' }
